2021-02-22 15:04:20 - INFO  - Embauche d'un employé avec les infos suivantes : nom : Doe, prénom : John, poste TECHNICIEN, niveau d'étude : BTS_IUT, taux activité : 1.0
2021-02-22 15:04:20 - WARN  - Aucun matricule trouvé, matricule initial affecté
2021-02-22 15:04:20 - INFO  - Employé créé : com.ipiecoles.java.java350.model.Employe@a17e5637
2021-02-22 15:04:20 - INFO  - Embauche d'un employé avec les infos suivantes : nom : Doe, prénom : John, poste TECHNICIEN, niveau d'étude : BTS_IUT, taux activité : 1.0
2021-02-22 15:04:20 - WARN  - Aucun matricule trouvé, matricule initial affecté
2021-02-22 15:04:20 - ERROR - L'employé de matricule T00001 existe déjà en BDD
2021-02-22 15:04:20 - INFO  - Embauche d'un employé avec les infos suivantes : nom : Doe, prénom : John, poste TECHNICIEN, niveau d'étude : BTS_IUT, taux activité : 1.0
2021-02-22 15:04:20 - ERROR - Limite des 100000 matricules atteinte !
2021-02-22 16:58:28 - INFO  - Starting EmployeRepositoryTest on DESKTOP-5N14UK6 with PID 7308 (started by MARTIN in E:\Dev\IPI\JAVA\ipi-java-350-ex)
2021-02-22 16:58:28 - INFO  - No active profile set, falling back to default profiles: default
2021-02-22 16:58:30 - INFO  - Started EmployeRepositoryTest in 2.423 seconds (JVM running for 3.402)
2021-02-22 17:03:06 - INFO  - Starting EmployeRepositoryTest on DESKTOP-5N14UK6 with PID 2728 (started by MARTIN in E:\Dev\IPI\JAVA\ipi-java-350-ex)
2021-02-22 17:03:06 - INFO  - No active profile set, falling back to default profiles: default
2021-02-22 17:03:08 - INFO  - Started EmployeRepositoryTest in 2.139 seconds (JVM running for 2.989)
2021-02-22 17:03:21 - INFO  - Starting EmployeRepositoryTest on DESKTOP-5N14UK6 with PID 7348 (started by MARTIN in E:\Dev\IPI\JAVA\ipi-java-350-ex)
2021-02-22 17:03:21 - INFO  - No active profile set, falling back to default profiles: default
2021-02-22 17:03:23 - INFO  - Started EmployeRepositoryTest in 2.114 seconds (JVM running for 2.959)
2021-02-22 17:03:38 - INFO  - Starting EmployeRepositoryTest on DESKTOP-5N14UK6 with PID 20568 (started by MARTIN in E:\Dev\IPI\JAVA\ipi-java-350-ex)
2021-02-22 17:03:38 - INFO  - No active profile set, falling back to default profiles: default
2021-02-22 17:03:40 - INFO  - Started EmployeRepositoryTest in 2.17 seconds (JVM running for 3.037)
2021-02-22 17:03:55 - INFO  - Starting EmployeRepositoryTest on DESKTOP-5N14UK6 with PID 20656 (started by MARTIN in E:\Dev\IPI\JAVA\ipi-java-350-ex)
2021-02-22 17:03:55 - INFO  - No active profile set, falling back to default profiles: default
2021-02-22 17:03:57 - INFO  - Started EmployeRepositoryTest in 2.086 seconds (JVM running for 2.951)
2021-02-22 17:04:11 - INFO  - Starting EmployeRepositoryTest on DESKTOP-5N14UK6 with PID 18984 (started by MARTIN in E:\Dev\IPI\JAVA\ipi-java-350-ex)
2021-02-22 17:04:11 - INFO  - No active profile set, falling back to default profiles: default
2021-02-22 17:04:13 - INFO  - Started EmployeRepositoryTest in 2.077 seconds (JVM running for 2.911)
2021-02-22 17:04:26 - INFO  - Starting EmployeRepositoryTest on DESKTOP-5N14UK6 with PID 18300 (started by MARTIN in E:\Dev\IPI\JAVA\ipi-java-350-ex)
2021-02-22 17:04:26 - INFO  - No active profile set, falling back to default profiles: default
2021-02-22 17:04:28 - INFO  - Started EmployeRepositoryTest in 2.187 seconds (JVM running for 3.068)
